# ERRORS
[01-Mar-2019 10:46:17 Europe/Belgrade] PHP Notice:  Trying to get property 'veza' of non-object in D:\xampp\htdocs\kartoteka\app\controllers\KartoniController.php on line 78
[01-Mar-2019 10:46:17 Europe/Belgrade] PHP Stack trace:
[01-Mar-2019 10:46:17 Europe/Belgrade] PHP   1. {main}() D:\xampp\htdocs\kartoteka\pub\index.php:0
[01-Mar-2019 10:46:17 Europe/Belgrade] PHP   2. Slim\App->run() D:\xampp\htdocs\kartoteka\pub\index.php:16
[01-Mar-2019 10:46:17 Europe/Belgrade] PHP   3. Slim\App->process() D:\xampp\htdocs\kartoteka\vendor\slim\slim\Slim\App.php:314
[01-Mar-2019 10:46:17 Europe/Belgrade] PHP   4. Slim\App->callMiddlewareStack() D:\xampp\htdocs\kartoteka\vendor\slim\slim\Slim\App.php:406
[01-Mar-2019 10:46:17 Europe/Belgrade] PHP   5. Slim\App->Slim\{closure}() D:\xampp\htdocs\kartoteka\vendor\slim\slim\Slim\MiddlewareAwareTrait.php:117
[01-Mar-2019 10:46:17 Europe/Belgrade] PHP   6. call_user_func:{D:\xampp\htdocs\kartoteka\vendor\slim\slim\Slim\MiddlewareAwareTrait.php:70}() D:\xampp\htdocs\kartoteka\vendor\slim\slim\Slim\MiddlewareAwareTrait.php:70
[01-Mar-2019 10:46:17 Europe/Belgrade] PHP   7. Slim\DeferredCallable->__invoke() D:\xampp\htdocs\kartoteka\vendor\slim\slim\Slim\MiddlewareAwareTrait.php:70
[01-Mar-2019 10:46:17 Europe/Belgrade] PHP   8. call_user_func_array:{D:\xampp\htdocs\kartoteka\vendor\slim\slim\Slim\DeferredCallable.php:43}() D:\xampp\htdocs\kartoteka\vendor\slim\slim\Slim\DeferredCallable.php:43
[01-Mar-2019 10:46:17 Europe/Belgrade] PHP   9. Slim\Csrf\Guard->__invoke() D:\xampp\htdocs\kartoteka\vendor\slim\slim\Slim\DeferredCallable.php:43
[01-Mar-2019 10:46:17 Europe/Belgrade] PHP  10. Slim\App->Slim\{closure}() D:\xampp\htdocs\kartoteka\vendor\slim\csrf\src\Guard.php:171
[01-Mar-2019 10:46:17 Europe/Belgrade] PHP  11. call_user_func:{D:\xampp\htdocs\kartoteka\vendor\slim\slim\Slim\MiddlewareAwareTrait.php:70}() D:\xampp\htdocs\kartoteka\vendor\slim\slim\Slim\MiddlewareAwareTrait.php:70
[01-Mar-2019 10:46:17 Europe/Belgrade] PHP  12. Slim\DeferredCallable->__invoke() D:\xampp\htdocs\kartoteka\vendor\slim\slim\Slim\MiddlewareAwareTrait.php:70
[01-Mar-2019 10:46:17 Europe/Belgrade] PHP  13. call_user_func_array:{D:\xampp\htdocs\kartoteka\vendor\slim\slim\Slim\DeferredCallable.php:43}() D:\xampp\htdocs\kartoteka\vendor\slim\slim\Slim\DeferredCallable.php:43
[01-Mar-2019 10:46:17 Europe/Belgrade] PHP  14. App\Middlewares\CsrfMiddleware->__invoke() D:\xampp\htdocs\kartoteka\vendor\slim\slim\Slim\DeferredCallable.php:43
[01-Mar-2019 10:46:17 Europe/Belgrade] PHP  15. Slim\App->Slim\{closure}() D:\xampp\htdocs\kartoteka\app\middlewares\CsrfMiddleware.php:14
[01-Mar-2019 10:46:17 Europe/Belgrade] PHP  16. call_user_func:{D:\xampp\htdocs\kartoteka\vendor\slim\slim\Slim\MiddlewareAwareTrait.php:70}() D:\xampp\htdocs\kartoteka\vendor\slim\slim\Slim\MiddlewareAwareTrait.php:70
[01-Mar-2019 10:46:17 Europe/Belgrade] PHP  17. Slim\DeferredCallable->__invoke() D:\xampp\htdocs\kartoteka\vendor\slim\slim\Slim\MiddlewareAwareTrait.php:70
[01-Mar-2019 10:46:17 Europe/Belgrade] PHP  18. call_user_func_array:{D:\xampp\htdocs\kartoteka\vendor\slim\slim\Slim\DeferredCallable.php:43}() D:\xampp\htdocs\kartoteka\vendor\slim\slim\Slim\DeferredCallable.php:43
[01-Mar-2019 10:46:17 Europe/Belgrade] PHP  19. App\Middlewares\OldMiddleware->__invoke() D:\xampp\htdocs\kartoteka\vendor\slim\slim\Slim\DeferredCallable.php:43
[01-Mar-2019 10:46:17 Europe/Belgrade] PHP  20. Slim\App->Slim\{closure}() D:\xampp\htdocs\kartoteka\app\middlewares\OldMiddleware.php:13
[01-Mar-2019 10:46:17 Europe/Belgrade] PHP  21. call_user_func:{D:\xampp\htdocs\kartoteka\vendor\slim\slim\Slim\MiddlewareAwareTrait.php:70}() D:\xampp\htdocs\kartoteka\vendor\slim\slim\Slim\MiddlewareAwareTrait.php:70
[01-Mar-2019 10:46:17 Europe/Belgrade] PHP  22. Slim\DeferredCallable->__invoke() D:\xampp\htdocs\kartoteka\vendor\slim\slim\Slim\MiddlewareAwareTrait.php:70
[01-Mar-2019 10:46:17 Europe/Belgrade] PHP  23. call_user_func_array:{D:\xampp\htdocs\kartoteka\vendor\slim\slim\Slim\DeferredCallable.php:43}() D:\xampp\htdocs\kartoteka\vendor\slim\slim\Slim\DeferredCallable.php:43
[01-Mar-2019 10:46:17 Europe/Belgrade] PHP  24. App\Middlewares\ValidationErrorsMiddleware->__invoke() D:\xampp\htdocs\kartoteka\vendor\slim\slim\Slim\DeferredCallable.php:43
[01-Mar-2019 10:46:17 Europe/Belgrade] PHP  25. Slim\App->__invoke() D:\xampp\htdocs\kartoteka\app\middlewares\ValidationErrorsMiddleware.php:15
[01-Mar-2019 10:46:17 Europe/Belgrade] PHP  26. Slim\Route->run() D:\xampp\htdocs\kartoteka\vendor\slim\slim\Slim\App.php:515
[01-Mar-2019 10:46:17 Europe/Belgrade] PHP  27. Slim\Route->callMiddlewareStack() D:\xampp\htdocs\kartoteka\vendor\slim\slim\Slim\Route.php:334
[01-Mar-2019 10:46:17 Europe/Belgrade] PHP  28. Slim\Route->Slim\{closure}() D:\xampp\htdocs\kartoteka\vendor\slim\slim\Slim\MiddlewareAwareTrait.php:117
[01-Mar-2019 10:46:17 Europe/Belgrade] PHP  29. call_user_func:{D:\xampp\htdocs\kartoteka\vendor\slim\slim\Slim\MiddlewareAwareTrait.php:70}() D:\xampp\htdocs\kartoteka\vendor\slim\slim\Slim\MiddlewareAwareTrait.php:70
[01-Mar-2019 10:46:17 Europe/Belgrade] PHP  30. Slim\DeferredCallable->__invoke() D:\xampp\htdocs\kartoteka\vendor\slim\slim\Slim\MiddlewareAwareTrait.php:70
[01-Mar-2019 10:46:17 Europe/Belgrade] PHP  31. call_user_func_array:{D:\xampp\htdocs\kartoteka\vendor\slim\slim\Slim\DeferredCallable.php:43}() D:\xampp\htdocs\kartoteka\vendor\slim\slim\Slim\DeferredCallable.php:43
[01-Mar-2019 10:46:17 Europe/Belgrade] PHP  32. App\Middlewares\AuthMiddleware->__invoke() D:\xampp\htdocs\kartoteka\vendor\slim\slim\Slim\DeferredCallable.php:43
[01-Mar-2019 10:46:17 Europe/Belgrade] PHP  33. Slim\Route->__invoke() D:\xampp\htdocs\kartoteka\app\middlewares\AuthMiddleware.php:18
[01-Mar-2019 10:46:17 Europe/Belgrade] PHP  34. Slim\Handlers\Strategies\RequestResponse->__invoke() D:\xampp\htdocs\kartoteka\vendor\slim\slim\Slim\Route.php:356
[01-Mar-2019 10:46:17 Europe/Belgrade] PHP  35. call_user_func:{D:\xampp\htdocs\kartoteka\vendor\slim\slim\Slim\Handlers\Strategies\RequestResponse.php:41}() D:\xampp\htdocs\kartoteka\vendor\slim\slim\Slim\Handlers\Strategies\RequestResponse.php:41
[01-Mar-2019 10:46:17 Europe/Belgrade] PHP  36. App\Controllers\KartoniController->getKartoniMapa() D:\xampp\htdocs\kartoteka\vendor\slim\slim\Slim\Handlers\Strategies\RequestResponse.php:41
[01-Mar-2019 13:55:12 Europe/Belgrade] PHP Notice:  Undefined offset: 0 in D:\xampp\htdocs\kartoteka\app\models\Korisnik.php on line 15
[01-Mar-2019 13:55:12 Europe/Belgrade] PHP Stack trace:
[01-Mar-2019 13:55:12 Europe/Belgrade] PHP   1. {main}() D:\xampp\htdocs\kartoteka\pub\index.php:0
[01-Mar-2019 13:55:12 Europe/Belgrade] PHP   2. Slim\App->run() D:\xampp\htdocs\kartoteka\pub\index.php:16
[01-Mar-2019 13:55:12 Europe/Belgrade] PHP   3. Slim\App->process() D:\xampp\htdocs\kartoteka\vendor\slim\slim\Slim\App.php:314
[01-Mar-2019 13:55:12 Europe/Belgrade] PHP   4. Slim\App->callMiddlewareStack() D:\xampp\htdocs\kartoteka\vendor\slim\slim\Slim\App.php:406
[01-Mar-2019 13:55:12 Europe/Belgrade] PHP   5. Slim\App->Slim\{closure}() D:\xampp\htdocs\kartoteka\vendor\slim\slim\Slim\MiddlewareAwareTrait.php:117
[01-Mar-2019 13:55:12 Europe/Belgrade] PHP   6. call_user_func:{D:\xampp\htdocs\kartoteka\vendor\slim\slim\Slim\MiddlewareAwareTrait.php:70}() D:\xampp\htdocs\kartoteka\vendor\slim\slim\Slim\MiddlewareAwareTrait.php:70
[01-Mar-2019 13:55:12 Europe/Belgrade] PHP   7. Slim\DeferredCallable->__invoke() D:\xampp\htdocs\kartoteka\vendor\slim\slim\Slim\MiddlewareAwareTrait.php:70
[01-Mar-2019 13:55:12 Europe/Belgrade] PHP   8. call_user_func_array:{D:\xampp\htdocs\kartoteka\vendor\slim\slim\Slim\DeferredCallable.php:43}() D:\xampp\htdocs\kartoteka\vendor\slim\slim\Slim\DeferredCallable.php:43
[01-Mar-2019 13:55:12 Europe/Belgrade] PHP   9. Slim\Csrf\Guard->__invoke() D:\xampp\htdocs\kartoteka\vendor\slim\slim\Slim\DeferredCallable.php:43
[01-Mar-2019 13:55:12 Europe/Belgrade] PHP  10. Slim\App->Slim\{closure}() D:\xampp\htdocs\kartoteka\vendor\slim\csrf\src\Guard.php:171
[01-Mar-2019 13:55:12 Europe/Belgrade] PHP  11. call_user_func:{D:\xampp\htdocs\kartoteka\vendor\slim\slim\Slim\MiddlewareAwareTrait.php:70}() D:\xampp\htdocs\kartoteka\vendor\slim\slim\Slim\MiddlewareAwareTrait.php:70
[01-Mar-2019 13:55:12 Europe/Belgrade] PHP  12. Slim\DeferredCallable->__invoke() D:\xampp\htdocs\kartoteka\vendor\slim\slim\Slim\MiddlewareAwareTrait.php:70
[01-Mar-2019 13:55:12 Europe/Belgrade] PHP  13. call_user_func_array:{D:\xampp\htdocs\kartoteka\vendor\slim\slim\Slim\DeferredCallable.php:43}() D:\xampp\htdocs\kartoteka\vendor\slim\slim\Slim\DeferredCallable.php:43
[01-Mar-2019 13:55:12 Europe/Belgrade] PHP  14. App\Middlewares\CsrfMiddleware->__invoke() D:\xampp\htdocs\kartoteka\vendor\slim\slim\Slim\DeferredCallable.php:43
[01-Mar-2019 13:55:12 Europe/Belgrade] PHP  15. Slim\App->Slim\{closure}() D:\xampp\htdocs\kartoteka\app\middlewares\CsrfMiddleware.php:14
[01-Mar-2019 13:55:12 Europe/Belgrade] PHP  16. call_user_func:{D:\xampp\htdocs\kartoteka\vendor\slim\slim\Slim\MiddlewareAwareTrait.php:70}() D:\xampp\htdocs\kartoteka\vendor\slim\slim\Slim\MiddlewareAwareTrait.php:70
[01-Mar-2019 13:55:12 Europe/Belgrade] PHP  17. Slim\DeferredCallable->__invoke() D:\xampp\htdocs\kartoteka\vendor\slim\slim\Slim\MiddlewareAwareTrait.php:70
[01-Mar-2019 13:55:12 Europe/Belgrade] PHP  18. call_user_func_array:{D:\xampp\htdocs\kartoteka\vendor\slim\slim\Slim\DeferredCallable.php:43}() D:\xampp\htdocs\kartoteka\vendor\slim\slim\Slim\DeferredCallable.php:43
[01-Mar-2019 13:55:12 Europe/Belgrade] PHP  19. App\Middlewares\OldMiddleware->__invoke() D:\xampp\htdocs\kartoteka\vendor\slim\slim\Slim\DeferredCallable.php:43
[01-Mar-2019 13:55:12 Europe/Belgrade] PHP  20. Slim\App->Slim\{closure}() D:\xampp\htdocs\kartoteka\app\middlewares\OldMiddleware.php:13
[01-Mar-2019 13:55:12 Europe/Belgrade] PHP  21. call_user_func:{D:\xampp\htdocs\kartoteka\vendor\slim\slim\Slim\MiddlewareAwareTrait.php:70}() D:\xampp\htdocs\kartoteka\vendor\slim\slim\Slim\MiddlewareAwareTrait.php:70
[01-Mar-2019 13:55:12 Europe/Belgrade] PHP  22. Slim\DeferredCallable->__invoke() D:\xampp\htdocs\kartoteka\vendor\slim\slim\Slim\MiddlewareAwareTrait.php:70
[01-Mar-2019 13:55:12 Europe/Belgrade] PHP  23. call_user_func_array:{D:\xampp\htdocs\kartoteka\vendor\slim\slim\Slim\DeferredCallable.php:43}() D:\xampp\htdocs\kartoteka\vendor\slim\slim\Slim\DeferredCallable.php:43
[01-Mar-2019 13:55:12 Europe/Belgrade] PHP  24. App\Middlewares\ValidationErrorsMiddleware->__invoke() D:\xampp\htdocs\kartoteka\vendor\slim\slim\Slim\DeferredCallable.php:43
[01-Mar-2019 13:55:12 Europe/Belgrade] PHP  25. Slim\App->__invoke() D:\xampp\htdocs\kartoteka\app\middlewares\ValidationErrorsMiddleware.php:15
[01-Mar-2019 13:55:12 Europe/Belgrade] PHP  26. Slim\Route->run() D:\xampp\htdocs\kartoteka\vendor\slim\slim\Slim\App.php:515
[01-Mar-2019 13:55:12 Europe/Belgrade] PHP  27. Slim\Route->callMiddlewareStack() D:\xampp\htdocs\kartoteka\vendor\slim\slim\Slim\Route.php:334
[01-Mar-2019 13:55:12 Europe/Belgrade] PHP  28. Slim\Route->Slim\{closure}() D:\xampp\htdocs\kartoteka\vendor\slim\slim\Slim\MiddlewareAwareTrait.php:117
[01-Mar-2019 13:55:12 Europe/Belgrade] PHP  29. call_user_func:{D:\xampp\htdocs\kartoteka\vendor\slim\slim\Slim\MiddlewareAwareTrait.php:70}() D:\xampp\htdocs\kartoteka\vendor\slim\slim\Slim\MiddlewareAwareTrait.php:70
[01-Mar-2019 13:55:12 Europe/Belgrade] PHP  30. Slim\DeferredCallable->__invoke() D:\xampp\htdocs\kartoteka\vendor\slim\slim\Slim\MiddlewareAwareTrait.php:70
[01-Mar-2019 13:55:12 Europe/Belgrade] PHP  31. call_user_func_array:{D:\xampp\htdocs\kartoteka\vendor\slim\slim\Slim\DeferredCallable.php:43}() D:\xampp\htdocs\kartoteka\vendor\slim\slim\Slim\DeferredCallable.php:43
[01-Mar-2019 13:55:12 Europe/Belgrade] PHP  32. App\Middlewares\GuestMiddleware->__invoke() D:\xampp\htdocs\kartoteka\vendor\slim\slim\Slim\DeferredCallable.php:43
[01-Mar-2019 13:55:12 Europe/Belgrade] PHP  33. Slim\Route->__invoke() D:\xampp\htdocs\kartoteka\app\middlewares\GuestMiddleware.php:15
[01-Mar-2019 13:55:12 Europe/Belgrade] PHP  34. Slim\Handlers\Strategies\RequestResponse->__invoke() D:\xampp\htdocs\kartoteka\vendor\slim\slim\Slim\Route.php:356
[01-Mar-2019 13:55:12 Europe/Belgrade] PHP  35. call_user_func:{D:\xampp\htdocs\kartoteka\vendor\slim\slim\Slim\Handlers\Strategies\RequestResponse.php:41}() D:\xampp\htdocs\kartoteka\vendor\slim\slim\Slim\Handlers\Strategies\RequestResponse.php:41
[01-Mar-2019 13:55:12 Europe/Belgrade] PHP  36. App\Controllers\AuthController->postPrijava() D:\xampp\htdocs\kartoteka\vendor\slim\slim\Slim\Handlers\Strategies\RequestResponse.php:41
[01-Mar-2019 13:55:12 Europe/Belgrade] PHP  37. App\Classes\Auth->login() D:\xampp\htdocs\kartoteka\app\controllers\AuthController.php:60
[01-Mar-2019 13:55:12 Europe/Belgrade] PHP  38. App\Models\Korisnik->findByUsername() D:\xampp\htdocs\kartoteka\app\classes\Auth.php:52
[01-Mar-2019 18:12:13 Europe/Belgrade] PHP Notice:  Undefined variable: container in D:\xampp\htdocs\kartoteka\app\controllers\MapeController.php on line 38
[01-Mar-2019 19:47:09 Europe/Belgrade] PHP Notice:  Undefined index: slika in D:\xampp\htdocs\kartoteka\app\controllers\MapeController.php on line 37
[01-Mar-2019 19:49:41 Europe/Belgrade] PHP Notice:  Undefined index: slika in D:\xampp\htdocs\kartoteka\app\controllers\MapeController.php on line 39
[01-Mar-2019 20:00:09 Europe/Belgrade] PHP Notice:  Undefined variable: uploadedFiles in D:\xampp\htdocs\kartoteka\app\controllers\MapeController.php on line 35
[01-Mar-2019 20:13:41 Europe/Belgrade] PHP Warning:  copy(http://localhost/kartoteka/pub/img/Mape/\bf8152d3a2a41a1f.jpg): failed to open stream: HTTP wrapper does not support writeable connections in D:\xampp\htdocs\kartoteka\vendor\slim\slim\Slim\Http\UploadedFile.php on line 235
[01-Mar-2019 20:22:14 Europe/Belgrade] PHP Warning:  copy(http://localhost/kartoteka/pub/img/Mape/): failed to open stream: HTTP wrapper does not support writeable connections in D:\xampp\htdocs\kartoteka\vendor\slim\slim\Slim\Http\UploadedFile.php on line 235
[01-Mar-2019 20:29:12 Europe/Belgrade] PHP Warning:  copy(http://localhost/kartoteka/pub/img/Mape/43c30296f06b173e.jpg): failed to open stream: HTTP wrapper does not support writeable connections in D:\xampp\htdocs\kartoteka\vendor\slim\slim\Slim\Http\UploadedFile.php on line 235
[01-Mar-2019 20:53:18 Europe/Belgrade] PHP Warning:  require_once(D:\xampp\htdocs\kartoteka\app\controllers/vendor/autoload.php): failed to open stream: No such file or directory in D:\xampp\htdocs\kartoteka\app\controllers\MapeController.php on line 5
[01-Mar-2019 20:53:18 Europe/Belgrade] PHP Fatal error:  require_once(): Failed opening required 'D:\xampp\htdocs\kartoteka\app\controllers/vendor/autoload.php' (include_path='D:\xampp\php\PEAR') in D:\xampp\htdocs\kartoteka\app\controllers\MapeController.php on line 5
[01-Mar-2019 20:55:27 Europe/Belgrade] PHP Warning:  require_once(D:\xampp\htdocs\kartoteka\app\controllers../vendor/autoload.php): failed to open stream: No such file or directory in D:\xampp\htdocs\kartoteka\app\controllers\MapeController.php on line 5
[01-Mar-2019 20:55:27 Europe/Belgrade] PHP Fatal error:  require_once(): Failed opening required 'D:\xampp\htdocs\kartoteka\app\controllers../vendor/autoload.php' (include_path='D:\xampp\php\PEAR') in D:\xampp\htdocs\kartoteka\app\controllers\MapeController.php on line 5
[02-Mar-2019 10:21:56 Europe/Belgrade] PHP Warning:  getimagesize() expects parameter 1 to be string, object given in D:\xampp\htdocs\kartoteka\app\controllers\MapeController.php on line 46
[02-Mar-2019 10:56:54 Europe/Belgrade] PHP Warning:  getimagesize(): Filename cannot be empty in D:\xampp\htdocs\kartoteka\app\controllers\MapeController.php on line 48
[02-Mar-2019 17:55:01 Europe/Belgrade] PHP Warning:  getimagesize(img/MapePalilulskoIII): failed to open stream: No such file or directory in D:\xampp\htdocs\kartoteka\app\controllers\MapeController.php on line 63
[02-Mar-2019 18:45:42 Europe/Belgrade] PHP Notice:  Undefined index: slika in D:\xampp\htdocs\kartoteka\app\controllers\MapeController.php on line 38
